opensdk_lite+demo/connect-sdk-Demo/sample/build/outputs/logs/manifest-merger-debug-report.txt
-- Merging decision tree log ---
manifest
ADDED from connect-sdk-Demo\sample\AndroidManifest.xml:1:1-80:12
INJECTED from connect-sdk-Demo\sample\AndroidManifest.xml:1:1-80:12
INJECTED from connect-sdk-Demo\sample\AndroidManifest.xml:1:1-80:12
INJECTED from connect-sdk-Demo\sample\AndroidManifest.xml:1:1-80:12
INJECTED from connect-sdk-Demo\sample\AndroidManifest.xml:1:1-80:12
	package
		ADDED from connect-sdk-Demo\sample\AndroidManifest.xml:2:5-33
	android:versionName
		ADDED from connect-sdk-Demo\sample\AndroidManifest.xml:4:5-30
		INJECTED from connect-sdk-Demo\sample\AndroidManifest.xml
		INJECTED from connect-sdk-Demo\sample\AndroidManifest.xml
	xmlns:android
		ADDED from connect-sdk-Demo\sample\AndroidManifest.xml:1:11-69
	android:versionCode
		ADDED from connect-sdk-Demo\sample\AndroidManifest.xml:3:5-28
		INJECTED from connect-sdk-Demo\sample\AndroidManifest.xml
		INJECTED from connect-sdk-Demo\sample\AndroidManifest.xml
uses-permission#android.permission.INTERNET
ADDED from connect-sdk-Demo\sample\AndroidManifest.xml:10:5-67
	android:name
		ADDED from connect-sdk-Demo\sample\AndroidManifest.xml:10:22-64
uses-permission#android.permission.ACCESS_NETWORK_STATE
ADDED from connect-sdk-Demo\sample\AndroidManifest.xml:11:5-79
	android:name
		ADDED from connect-sdk-Demo\sample\AndroidManifest.xml:11:22-76
uses-permission#android.permission.WRITE_EXTERNAL_STORAGE
ADDED from connect-sdk-Demo\sample\AndroidManifest.xml:12:5-81
	android:name
		ADDED from connect-sdk-Demo\sample\AndroidManifest.xml:12:22-78
uses-permission#android.permission.ACCESS_FINE_LOCATION
ADDED from connect-sdk-Demo\sample\AndroidManifest.xml:14:5-79
	android:name
		ADDED from connect-sdk-Demo\sample\AndroidManifest.xml:14:22-76
uses-permission#android.permission.ACCESS_COARSE_LOCATION
ADDED from connect-sdk-Demo\sample\AndroidManifest.xml:15:5-81
	android:name
		ADDED from connect-sdk-Demo\sample\AndroidManifest.xml:15:22-78
uses-permission#android.permission.ACCESS_LOCATION_EXTRA_COMMANDS
ADDED from connect-sdk-Demo\sample\AndroidManifest.xml:16:5-89
	android:name
		ADDED from connect-sdk-Demo\sample\AndroidManifest.xml:16:22-86
uses-permission#android.permission.CHANGE_WIFI_STATE
ADDED from connect-sdk-Demo\sample\AndroidManifest.xml:17:5-76
	android:name
		ADDED from connect-sdk-Demo\sample\AndroidManifest.xml:17:22-73
uses-permission#android.permission.ACCESS_WIFI_STATE
ADDED from connect-sdk-Demo\sample\AndroidManifest.xml:19:5-76
	android:name
		ADDED from connect-sdk-Demo\sample\AndroidManifest.xml:19:22-73
uses-permission#android.permission.READ_PHONE_STATE
ADDED from connect-sdk-Demo\sample\AndroidManifest.xml:20:5-75
	android:name
		ADDED from connect-sdk-Demo\sample\AndroidManifest.xml:20:22-72
uses-permission#android.permission.GET_TASKS
ADDED from connect-sdk-Demo\sample\AndroidManifest.xml:22:5-67
	android:name
		ADDED from connect-sdk-Demo\sample\AndroidManifest.xml:22:22-65
application
ADDED from connect-sdk-Demo\sample\AndroidManifest.xml:24:5-78:19
	android:label
		ADDED from connect-sdk-Demo\sample\AndroidManifest.xml:27:9-41
	android:icon
		ADDED from connect-sdk-Demo\sample\AndroidManifest.xml:26:9-45
	android:allowBackup
		ADDED from connect-sdk-Demo\sample\AndroidManifest.xml:25:9-36
	android:theme
		ADDED from connect-sdk-Demo\sample\AndroidManifest.xml:28:9-40
activity#com.tencent.sample.activitys.MainActivity
ADDED from connect-sdk-Demo\sample\AndroidManifest.xml:29:9-37:20
	android:screenOrientation
		ADDED from connect-sdk-Demo\sample\AndroidManifest.xml:31:13-49
	android:label
		ADDED from connect-sdk-Demo\sample\AndroidManifest.xml:32:13-56
	android:name
		ADDED from connect-sdk-Demo\sample\AndroidManifest.xml:30:13-51
intent-filter#action:name:android.intent.action.MAIN+category:name:android.intent.category.LAUNCHER
ADDED from connect-sdk-Demo\sample\AndroidManifest.xml:33:13-36:29
action#android.intent.action.MAIN
ADDED from connect-sdk-Demo\sample\AndroidManifest.xml:34:17-69
	android:name
		ADDED from connect-sdk-Demo\sample\AndroidManifest.xml:34:25-66
category#android.intent.category.LAUNCHER
ADDED from connect-sdk-Demo\sample\AndroidManifest.xml:35:17-77
	android:name
		ADDED from connect-sdk-Demo\sample\AndroidManifest.xml:35:27-74
activity#com.tencent.connect.common.AssistActivity
ADDED from connect-sdk-Demo\sample\AndroidManifest.xml:40:9-44:75
	android:screenOrientation
		ADDED from connect-sdk-Demo\sample\AndroidManifest.xml:43:13-47
	android:configChanges
		ADDED from connect-sdk-Demo\sample\AndroidManifest.xml:42:13-63
	android:theme
		ADDED from connect-sdk-Demo\sample\AndroidManifest.xml:44:13-72
	android:name
		ADDED from connect-sdk-Demo\sample\AndroidManifest.xml:41:13-69
activity#com.tencent.sample.ReturnActivity
ADDED from connect-sdk-Demo\sample\AndroidManifest.xml:45:9-48:20
	android:label
		ADDED from connect-sdk-Demo\sample\AndroidManifest.xml:47:13-58
	android:name
		ADDED from connect-sdk-Demo\sample\AndroidManifest.xml:46:13-43
activity#com.tencent.tauth.AuthActivity
ADDED from connect-sdk-Demo\sample\AndroidManifest.xml:49:9-60:20
	android:launchMode
		ADDED from connect-sdk-Demo\sample\AndroidManifest.xml:51:13-44
	android:noHistory
		ADDED from connect-sdk-Demo\sample\AndroidManifest.xml:52:13-37
	android:name
		ADDED from connect-sdk-Demo\sample\AndroidManifest.xml:50:13-58
intent-filter#action:name:android.intent.action.VIEW+category:name:android.intent.category.BROWSABLE+category:name:android.intent.category.DEFAULT+data:scheme:tencent222222
ADDED from connect-sdk-Demo\sample\AndroidManifest.xml:53:13-59:29
action#android.intent.action.VIEW
ADDED from connect-sdk-Demo\sample\AndroidManifest.xml:54:17-69
	android:name
		ADDED from connect-sdk-Demo\sample\AndroidManifest.xml:54:25-66
category#android.intent.category.DEFAULT
ADDED from connect-sdk-Demo\sample\AndroidManifest.xml:55:17-76
	android:name
		ADDED from connect-sdk-Demo\sample\AndroidManifest.xml:55:27-73
category#android.intent.category.BROWSABLE
ADDED from connect-sdk-Demo\sample\AndroidManifest.xml:56:17-78
	android:name
		ADDED from connect-sdk-Demo\sample\AndroidManifest.xml:56:27-75
data
ADDED from connect-sdk-Demo\sample\AndroidManifest.xml:57:17-56
	android:scheme
		ADDED from connect-sdk-Demo\sample\AndroidManifest.xml:57:23-53
activity#com.tencent.sample.activitys.AccountInfoActivity
ADDED from connect-sdk-Demo\sample\AndroidManifest.xml:62:9-64:66
	android:configChanges
		ADDED from connect-sdk-Demo\sample\AndroidManifest.xml:64:13-63
	android:name
		ADDED from connect-sdk-Demo\sample\AndroidManifest.xml:63:13-58
activity#com.tencent.sample.activitys.QQGroupActivity
ADDED from connect-sdk-Demo\sample\AndroidManifest.xml:66:9-70:63
	android:screenOrientation
		ADDED from connect-sdk-Demo\sample\AndroidManifest.xml:69:13-49
	android:windowSoftInputMode
		ADDED from connect-sdk-Demo\sample\AndroidManifest.xml:70:13-60
	android:configChanges
		ADDED from connect-sdk-Demo\sample\AndroidManifest.xml:68:13-63
	android:name
		ADDED from connect-sdk-Demo\sample\AndroidManifest.xml:67:13-54
activity#com.tencent.sample.activitys.GameLogicActivity
ADDED from connect-sdk-Demo\sample\AndroidManifest.xml:71:9-75:63
	android:screenOrientation
		ADDED from connect-sdk-Demo\sample\AndroidManifest.xml:74:13-49
	android:windowSoftInputMode
		ADDED from connect-sdk-Demo\sample\AndroidManifest.xml:75:13-60
	android:configChanges
		ADDED from connect-sdk-Demo\sample\AndroidManifest.xml:73:13-63
	android:name
		ADDED from connect-sdk-Demo\sample\AndroidManifest.xml:72:13-56